<?xml version="1.0" encoding="UTF-8"?>
<!-- Generated by org.testng.reporters.JUnitReportReporter -->
<testsuite hostname="LAPTOP-OTJ3O4H1" failures="0" tests="1" name="com.automation.tests.TextBoxTest" time="14.062" errors="0" timestamp="2023-11-02T08:54:34 EDT" skipped="0">
  <testcase classname="com.automation.tests.TextBoxTest" name="submitTextBoxData" time="14.062"/>
</testsuite> <!-- com.automation.tests.TextBoxTest -->
