<?xml version="1.0" encoding="UTF-8"?>
<!-- Generated by org.testng.reporters.JUnitReportReporter -->
<testsuite hostname="LAPTOP-OTJ3O4H1" failures="0" tests="5" name="com.automation.base.TestCasePriority" time="0.013" errors="0" timestamp="2023-10-30T10:12:03 EDT" skipped="0">
  <testcase classname="com.automation.base.TestCasePriority" name="test5" time="0.008"/>
  <testcase classname="com.automation.base.TestCasePriority" name="test2" time="0.001"/>
  <testcase classname="com.automation.base.TestCasePriority" name="test3" time="0.001"/>
  <testcase classname="com.automation.base.TestCasePriority" name="test4" time="0.001"/>
  <testcase classname="com.automation.base.TestCasePriority" name="test1" time="0.002"/>
</testsuite> <!-- com.automation.base.TestCasePriority -->
