<?xml version="1.0" encoding="UTF-8"?>
<!-- Generated by org.testng.reporters.JUnitReportReporter -->
<testsuite hostname="LAPTOP-OTJ3O4H1" failures="0" tests="2" name="com.automation.tests.SelectMenuTest" time="38.972" errors="0" timestamp="2023-11-03T08:47:51 EDT" skipped="0">
  <testcase classname="com.automation.tests.SelectMenuTest" name="selectByValue" time="13.724"/>
  <testcase classname="com.automation.tests.SelectMenuTest" name="selectByIndex" time="25.248"/>
</testsuite> <!-- com.automation.tests.SelectMenuTest -->
